<?xml version="1.0" encoding="UTF-8"?>
<testsuite name="com.example.AppTest" tests="1" skipped="0" failures="0" errors="0" timestamp="2023-06-28T09:56:43" hostname="K77QRTH44D" time="0.123">
  <properties/>
  <testcase name="testReturnsHello()" classname="com.example.AppTest" time="0.123"/>
  <system-out><![CDATA[]]></system-out>
  <system-err><![CDATA[]]></system-err>
</testsuite>
